app/build/outputs/logs/manifest-merger-debug-report.txt
-- Merging decision tree log ---
manifest
ADDED from src/main/AndroidManifest.xml:1:1-34:12
	package
		ADDED from src/main/AndroidManifest.xml:2:5-47
		INJECTED from src/main/AndroidManifest.xml
		INJECTED from src/main/AndroidManifest.xml
	android:versionName
		ADDED from src/main/AndroidManifest.xml:4:5-30
	android:versionCode
		ADDED from src/main/AndroidManifest.xml:3:5-28
		INJECTED from src/main/AndroidManifest.xml
		INJECTED from src/main/AndroidManifest.xml
	xmlns:android
		ADDED from src/main/AndroidManifest.xml:1:11-69
uses-permission#android.permission.INTERNET
ADDED from src/main/AndroidManifest.xml:6:5-67
	android:name
		ADDED from src/main/AndroidManifest.xml:6:22-64
uses-permission#android.permission.ACCESS_NETWORK_STATE
ADDED from src/main/AndroidManifest.xml:7:5-79
	android:name
		ADDED from src/main/AndroidManifest.xml:7:22-76
application
ADDED from src/main/AndroidManifest.xml:9:5-33:19
	android:label
		ADDED from src/main/AndroidManifest.xml:11:9-41
	android:icon
		ADDED from src/main/AndroidManifest.xml:10:9-45
activity#com.example.android.networkusage.NetworkActivity
ADDED from src/main/AndroidManifest.xml:13:9-21:20
	android:label
		ADDED from src/main/AndroidManifest.xml:15:13-45
	android:name
		ADDED from src/main/AndroidManifest.xml:14:13-76
intent-filter#android.intent.action.MAIN+android.intent.category.LAUNCHER
ADDED from src/main/AndroidManifest.xml:16:13-20:29
action#android.intent.action.MAIN
ADDED from src/main/AndroidManifest.xml:17:17-69
	android:name
		ADDED from src/main/AndroidManifest.xml:17:25-66
category#android.intent.category.LAUNCHER
ADDED from src/main/AndroidManifest.xml:19:17-77
	android:name
		ADDED from src/main/AndroidManifest.xml:19:27-74
activity#com.example.android.networkusage.SettingsActivity
ADDED from src/main/AndroidManifest.xml:22:9-27:20
	android:label
		ADDED from src/main/AndroidManifest.xml:22:19-51
	android:name
		ADDED from src/main/AndroidManifest.xml:22:52-84
intent-filter#android.intent.action.MANAGE_NETWORK_USAGE+android.intent.category.DEFAULT
ADDED from src/main/AndroidManifest.xml:23:14-26:27
action#android.intent.action.MANAGE_NETWORK_USAGE
ADDED from src/main/AndroidManifest.xml:24:17-85
	android:name
		ADDED from src/main/AndroidManifest.xml:24:25-82
category#android.intent.category.DEFAULT
ADDED from src/main/AndroidManifest.xml:25:17-76
	android:name
		ADDED from src/main/AndroidManifest.xml:25:27-73
activity#com.example.android.networkusage.ExchangeActivity
ADDED from src/main/AndroidManifest.xml:28:9-32:20
	android:label
		ADDED from src/main/AndroidManifest.xml:28:19-43
	android:name
		ADDED from src/main/AndroidManifest.xml:28:44-76
intent-filter#android.intent.category.DEFAULT
ADDED from src/main/AndroidManifest.xml:29:13-31:29
uses-sdk
INJECTED from src/main/AndroidManifest.xml reason: use-sdk injection requested
	android:targetSdkVersion
		INJECTED from src/main/AndroidManifest.xml
		INJECTED from src/main/AndroidManifest.xml
	android:minSdkVersion
		INJECTED from src/main/AndroidManifest.xml
		INJECTED from src/main/AndroidManifest.xml